0 verbose cli /usr/local/bin/node /usr/local/bin/npm
1 info using npm@9.8.1
2 info using node@v18.19.1
3 timing npm:load:whichnode Completed in 2ms
4 timing config:load:defaults Completed in 3ms
5 timing config:load:file:/usr/local/lib/node_modules/npm/npmrc Completed in 88ms
6 timing config:load:builtin Completed in 88ms
7 timing config:load:cli Completed in 105ms
8 timing config:load:env Completed in 1ms
9 timing config:load:project Completed in 2ms
10 timing config:load:file:/home/container/.npmrc Completed in 89ms
11 timing config:load:user Completed in 90ms
12 timing config:load:file:/usr/local/etc/npmrc Completed in 1ms
13 timing config:load:global Completed in 1ms
14 timing config:load:setEnvs Completed in 2ms
15 timing config:load Completed in 392ms
16 timing npm:load:configload Completed in 392ms
17 timing config:load:flatten Completed in 13498ms
18 timing npm:load:mkdirpcache Completed in 0ms
19 timing npm:load:mkdirplogs Completed in 0ms
20 verbose title npm install
21 verbose argv "install"
22 timing npm:load:setTitle Completed in 1ms
23 timing npm:load:display Completed in 1ms
24 verbose logfile logs-max:10 dir:/home/container/.npm/_logs/2024-02-23T10_49_32_647Z-
25 verbose logfile /home/container/.npm/_logs/2024-02-23T10_49_32_647Z-debug-0.log
26 timing npm:load:logFile Completed in 99ms
27 timing npm:load:timers Completed in 0ms
28 timing npm:load:configScope Completed in 0ms
29 timing npm:load Completed in 14100ms
30 timing arborist:ctor Completed in 82ms
31 silly logfile done cleaning log files
32 timing idealTree:init Completed in 1601ms
33 timing idealTree:userRequests Completed in 1ms
34 silly idealTree buildDeps
35 timing idealTree:#root Completed in 0ms
36 timing idealTree:buildDeps Completed in 83ms
37 timing idealTree:fixDepFlags Completed in 0ms
38 timing idealTree Completed in 1697ms
39 timing arborist:ctor Completed in 0ms
40 timing reify:loadTrees Completed in 2102ms
41 timing reify:diffTrees Completed in 92ms
42 silly reify moves {}
43 timing reify:retireShallow Completed in 2ms
44 timing reify:createSparse Completed in 0ms
45 timing reify:loadBundles Completed in 0ms
46 silly audit bulk request {
46 silly audit   '@discordjs/builders': [ '0.15.0', '0.16.0' ],
46 silly audit   'discord-api-types': [ '0.33.5', '0.35.0', '0.36.3' ],
46 silly audit   '@discordjs/collection': [ '0.7.0' ],
46 silly audit   '@discordjs/rest': [ '0.5.0' ],
46 silly audit   '@isaacs/cliui': [ '8.0.2' ],
46 silly audit   '@pkgjs/parseargs': [ '0.11.0' ],
46 silly audit   '@sapphire/async-queue': [ '1.5.0' ],
46 silly audit   '@sapphire/shapeshift': [ '3.8.2' ],
46 silly audit   '@sapphire/snowflake': [ '3.2.2' ],
46 silly audit   '@sindresorhus/is': [ '4.6.0' ],
46 silly audit   '@types/node': [ '18.16.0' ],
46 silly audit   '@types/node-fetch': [ '2.6.3' ],
46 silly audit   'form-data': [ '3.0.1', '4.0.0' ],
46 silly audit   '@types/ws': [ '8.5.4' ],
46 silly audit   accepts: [ '1.3.8' ],
46 silly audit   'ansi-regex': [ '6.0.1', '5.0.1' ],
46 silly audit   'ansi-styles': [ '6.2.1', '4.3.0' ],
46 silly audit   'array-flatten': [ '1.1.1' ],
46 silly audit   'ascii-table': [ '0.0.9' ],
46 silly audit   asynckit: [ '0.4.0' ],
46 silly audit   'balanced-match': [ '1.0.2' ],
46 silly audit   'body-parser': [ '1.20.0' ],
46 silly audit   'brace-expansion': [ '2.0.1' ],
46 silly audit   bytes: [ '3.1.2' ],
46 silly audit   'call-bind': [ '1.0.2' ],
46 silly audit   'color-convert': [ '2.0.1' ],
46 silly audit   'color-name': [ '1.1.4' ],
46 silly audit   'combined-stream': [ '1.0.8' ],
46 silly audit   'content-disposition': [ '0.5.4' ],
46 silly audit   'content-type': [ '1.0.4' ],
46 silly audit   cookie: [ '0.5.0' ],
46 silly audit   'cookie-signature': [ '1.0.6' ],
46 silly audit   'cross-spawn': [ '7.0.3' ],
46 silly audit   debug: [ '2.6.9' ],
46 silly audit   ms: [ '2.0.0', '2.1.3' ],
46 silly audit   'delayed-stream': [ '1.0.0' ],
46 silly audit   depd: [ '2.0.0' ],
46 silly audit   describe: [ '1.2.0' ],
46 silly audit   destroy: [ '1.2.0' ],
46 silly audit   discord: [ '0.8.2' ],
46 silly audit   'discord.js': [ '13.15.1' ],
46 silly audit   eastasianwidth: [ '0.2.0' ],
46 silly audit   'ee-first': [ '1.1.1' ],
46 silly audit   'emoji-regex': [ '9.2.2', '8.0.0' ],
46 silly audit   encodeurl: [ '1.0.2' ],
46 silly audit   'escape-html': [ '1.0.3' ],
46 silly audit   etag: [ '1.8.1' ],
46 silly audit   express: [ '4.18.1' ],
46 silly audit   'fast-deep-equal': [ '3.1.3' ],
46 silly audit   finalhandler: [ '1.2.0' ],
46 silly audit   'foreground-child': [ '3.1.1' ],
46 silly audit   forwarded: [ '0.2.0' ],
46 silly audit   fresh: [ '0.5.2' ],
46 silly audit   fs: [ '0.0.1-security' ],
46 silly audit   'function-bind': [ '1.1.1' ],
46 silly audit   'get-intrinsic': [ '1.1.2' ],
46 silly audit   glob: [ '10.3.10' ],
46 silly audit   has: [ '1.0.3' ],
46 silly audit   'has-symbols': [ '1.0.3' ],
46 silly audit   'http-errors': [ '2.0.0' ],
46 silly audit   'iconv-lite': [ '0.4.24' ],
46 silly audit   inherits: [ '2.0.4' ],
46 silly audit   'ipaddr.js': [ '1.9.1' ],
46 silly audit   'is-fullwidth-code-point': [ '3.0.0' ],
46 silly audit   isexe: [ '2.0.0' ],
46 silly audit   jackspeak: [ '2.3.6' ],
46 silly audit   lodash: [ '4.17.21' ],
46 silly audit   'lru-cache': [ '10.2.0' ],
46 silly audit   'media-typer': [ '0.3.0' ],
46 silly audit   'merge-descriptors': [ '1.0.1' ],
46 silly audit   methods: [ '1.1.2' ],
46 silly audit   mime: [ '1.6.0' ],
46 silly audit   'mime-db': [ '1.52.0' ],
46 silly audit   'mime-types': [ '2.1.35' ],
46 silly audit   minimatch: [ '9.0.3' ],
46 silly audit   minipass: [ '7.0.4' ],
46 silly audit   mootools: [ '1.5.2' ],
46 silly audit   negotiator: [ '0.6.3' ],
46 silly audit   'node-fetch': [ '2.6.7' ],
46 silly audit   'object-inspect': [ '1.12.2' ],
46 silly audit   'on-finished': [ '2.4.1' ],
46 silly audit   parseurl: [ '1.3.3' ],
46 silly audit   'path-key': [ '3.1.1' ],
46 silly audit   'path-scurry': [ '1.10.1' ],
46 silly audit   'path-to-regexp': [ '0.1.7' ],
46 silly audit   'proxy-addr': [ '2.0.7' ],
46 silly audit   qs: [ '6.10.3' ],
46 silly audit   'range-parser': [ '1.2.1' ],
46 silly audit   'raw-body': [ '2.5.1' ],
46 silly audit   'safe-buffer': [ '5.2.1' ],
46 silly audit   'safer-buffer': [ '2.1.2' ],
46 silly audit   send: [ '0.18.0' ],
46 silly audit   'serve-static': [ '1.15.0' ],
46 silly audit   setprototypeof: [ '1.2.0' ],
46 silly audit   'shebang-command': [ '2.0.0' ],
46 silly audit   'shebang-regex': [ '3.0.0' ],
46 silly audit   'side-channel': [ '1.0.4' ],
46 silly audit   'signal-exit': [ '4.1.0' ],
46 silly audit   statuses: [ '2.0.1' ],
46 silly audit   'string-color': [ '0.8.0' ],
46 silly audit   'string-width': [ '5.1.2', '4.2.3' ],
46 silly audit   'strip-ansi': [ '6.0.1', '7.1.0' ],
46 silly audit   toidentifier: [ '1.0.1' ],
46 silly audit   tr46: [ '0.0.3' ],
46 silly audit   'ts-mixer': [ '6.0.1' ],
46 silly audit   tslib: [ '2.4.0' ],
46 silly audit   'type-is': [ '1.6.18' ],
46 silly audit   undici: [ '5.5.1' ],
46 silly audit   unpipe: [ '1.0.0' ],
46 silly audit   'utils-merge': [ '1.0.1' ],
46 silly audit   vary: [ '1.1.2' ],
46 silly audit   'webidl-conversions': [ '3.0.1' ],
46 silly audit   'whatwg-url': [ '5.0.0' ],
46 silly audit   which: [ '2.0.2' ],
46 silly audit   'wrap-ansi': [ '8.1.0', '7.0.0' ],
46 silly audit   ws: [ '8.13.0' ]
46 silly audit }
47 timing reify:unpack Completed in 4ms
48 timing reify:unretire Completed in 0ms
49 timing build:queue Completed in 0ms
50 timing build:deps Completed in 1ms
51 timing build Completed in 1ms
52 timing reify:build Completed in 2ms
53 timing reify:trash Completed in 0ms
54 timing reify:save Completed in 592ms
55 http fetch POST 200 https://registry.npmjs.org/-/npm/v1/security/advisories/bulk 1985ms
56 timing auditReport:getReport Completed in 2080ms
57 silly audit report {
57 silly audit report   mootools: [
57 silly audit report     {
57 silly audit report       id: 1089674,
57 silly audit report       url: 'https://github.com/advisories/GHSA-x6hx-7gh3-3q98',
57 silly audit report       title: 'Prototype Pollution in mootools',
57 silly audit report       severity: 'moderate',
57 silly audit report       vulnerable_versions: '<=1.5.2',
57 silly audit report       cwe: [Array],
57 silly audit report       cvss: [Object]
57 silly audit report     }
57 silly audit report   ],
57 silly audit report   undici: [
57 silly audit report     {
57 silly audit report       id: 1089266,
57 silly audit report       url: 'https://github.com/advisories/GHSA-q768-x9m6-m9qp',
57 silly audit report       title: 'undici before v5.8.0 vulnerable to uncleared cookies on cross-host / cross-origin redirect',
57 silly audit report       severity: 'low',
57 silly audit report       vulnerable_versions: '<5.8.0',
57 silly audit report       cwe: [Array],
57 silly audit report       cvss: [Object]
57 silly audit report     },
57 silly audit report     {
57 silly audit report       id: 1091088,
57 silly audit report       url: 'https://github.com/advisories/GHSA-r6ch-mqf9-qc9w',
57 silly audit report       title: 'Regular Expression Denial of Service in Headers',
57 silly audit report       severity: 'high',
57 silly audit report       vulnerable_versions: '<5.19.1',
57 silly audit report       cwe: [Array],
57 silly audit report       cvss: [Object]
57 silly audit report     },
57 silly audit report     {
57 silly audit report       id: 1091151,
57 silly audit report       url: 'https://github.com/advisories/GHSA-5r9g-qh6m-jxff',
57 silly audit report       title: 'CRLF Injection in Nodejs ‘undici’ via host',
57 silly audit report       severity: 'moderate',
57 silly audit report       vulnerable_versions: '>=2.0.0 <5.19.1',
57 silly audit report       cwe: [Array],
57 silly audit report       cvss: [Object]
57 silly audit report     },
57 silly audit report     {
57 silly audit report       id: 1088895,
57 silly audit report       url: 'https://github.com/advisories/GHSA-3cvr-822r-rqcc',
57 silly audit report       title: 'undici before v5.8.0 vulnerable to CRLF injection in request headers',
57 silly audit report       severity: 'moderate',
57 silly audit report       vulnerable_versions: '<5.8.0',
57 silly audit report       cwe: [Array],
57 silly audit report       cvss: [Object]
57 silly audit report     },
57 silly audit report     {
57 silly audit report       id: 1090404,
57 silly audit report       url: 'https://github.com/advisories/GHSA-f772-66g8-q5h3',
57 silly audit report       title: 'Nodejs ‘undici’ vulnerable to CRLF Injection via Content-Type',
57 silly audit report       severity: 'moderate',
57 silly audit report       vulnerable_versions: '<=5.8.1',
57 silly audit report       cwe: [Array],
57 silly audit report       cvss: [Object]
57 silly audit report     },
57 silly audit report     {
57 silly audit report       id: 1090405,
57 silly audit report       url: 'https://github.com/advisories/GHSA-8qr4-xgw6-wmr3',
57 silly audit report       title: '`undici.request` vulnerable to SSRF using absolute URL on `pathname`',
57 silly audit report       severity: 'moderate',
57 silly audit report       vulnerable_versions: '<=5.8.1',
57 silly audit report       cwe: [Array],
57 silly audit report       cvss: [Object]
57 silly audit report     },
57 silly audit report     {
57 silly audit report       id: 1096502,
57 silly audit report       url: 'https://github.com/advisories/GHSA-wqq4-5wpv-mx2g',
57 silly audit report       title: "Undici's cookie header not cleared on cross-origin redirect in fetch",
57 silly audit report       severity: 'low',
57 silly audit report       vulnerable_versions: '<5.26.2',
57 silly audit report       cwe: [Array],
57 silly audit report       cvss: [Object]
57 silly audit report     },
57 silly audit report     {
57 silly audit report       id: 1096521,
57 silly audit report       url: 'https://github.com/advisories/GHSA-3787-6prv-h9w3',
57 silly audit report       title: 'Undici proxy-authorization header not cleared on cross-origin redirect in fetch',
57 silly audit report       severity: 'low',
57 silly audit report       vulnerable_versions: '<=5.28.2',
57 silly audit report       cwe: [],
57 silly audit report       cvss: [Object]
57 silly audit report     }
57 silly audit report   ]
57 silly audit report }
58 timing metavuln:cache:get:security-advisory:mootools:CkO22zAgn/buaZMLGRgYXPBAi3IgL1MQemmtbADgaqyZPS02soWnPmbtaS1nvjC/P9zmDy3zg8H9wD2q4NndhQ== Completed in 109ms
59 timing metavuln:cache:get:security-advisory:undici:nQObUsuTAJw3uIE2fDBnnvZ/K+sGYoQceZrAoY2KQ7iHjP+DKZ89jIOBQ7el1efh19OJOpXHaTafU32tKOzZ9Q== Completed in 107ms
60 timing metavuln:cache:get:security-advisory:undici:6e7cFU61J3vcZ0AEZ3MKn/P4wYtfbBt99Jae7Tgz2zSC01xTNejtnEdVYDY1bBVA+he6W4odYIiVYvnyz7EiTA== Completed in 108ms
61 timing metavuln:cache:get:security-advisory:undici:baMmQIWZBa6WnO8P3a71muKjtzGPttvtCQzYBrz8j3QU7bu5e5bKYSz9qxG7SJA/7Rx1Vr9eqhmA4qPMt/vT0Q== Completed in 108ms
62 timing metavuln:cache:get:security-advisory:undici:5RaRKXa8wbNT7abUSDeFtJWPYhGDHfrHjUHsGZOCLBKrpD6EXVJo11UvW/Q6CrfZQpJF/Xh4XjOr5mTMFU56/w== Completed in 107ms
63 timing metavuln:cache:get:security-advisory:undici:z7SzVkyP03FSFTXmIFv9JObknaIxI7LBNAYs5+FmmU/WakpW7D0O6r6WxD5t61TbVAheQxpL9KX6DBLrpFj8Zg== Completed in 109ms
64 timing metavuln:cache:get:security-advisory:undici:CQme3UXqbSc+6MbXKNOaEvMU/3z0huPXd+qWmB7TiOHJlEvs8VRjRggkmUpdwhQLuZrmY0ySr/ibkfKpCwXWfg== Completed in 108ms
65 timing metavuln:cache:get:security-advisory:undici:wcjhf5XlNdHP01akSpNigC7F7/egyUIM5dVILKJ4xqknxhJAnaFlt3v8jImdiiGDtukwBaKPuxhZvH3vt/cf+Q== Completed in 108ms
66 timing metavuln:cache:get:security-advisory:undici:Er/7j70BfFtpcsrVHIsnewevKrEpQ7MCMbX+1JxaH4yiXhr7WieOcGLCRnLyyF4iRoBENZRW5x3FcmOzGciqbg== Completed in 107ms
67 http fetch GET 200 https://registry.npmjs.org/mootools 210ms (cache hit)
68 timing metavuln:packument:mootools Completed in 213ms
69 timing metavuln:load:security-advisory:mootools:1089674 Completed in 1ms
70 timing metavuln:calculate:security-advisory:mootools:1089674 Completed in 215ms
71 http fetch GET 200 https://registry.npmjs.org/undici 213ms (cache hit)
72 timing metavuln:packument:undici Completed in 219ms
73 timing metavuln:load:security-advisory:undici:1089266 Completed in 85ms
74 timing metavuln:calculate:security-advisory:undici:1089266 Completed in 304ms
75 timing metavuln:load:security-advisory:undici:1091088 Completed in 3ms
76 timing metavuln:calculate:security-advisory:undici:1091088 Completed in 306ms
77 timing metavuln:load:security-advisory:undici:1091151 Completed in 3ms
78 timing metavuln:calculate:security-advisory:undici:1091151 Completed in 309ms
79 timing metavuln:load:security-advisory:undici:1088895 Completed in 91ms
80 timing metavuln:calculate:security-advisory:undici:1088895 Completed in 401ms
81 timing metavuln:load:security-advisory:undici:1090404 Completed in 3ms
82 timing metavuln:calculate:security-advisory:undici:1090404 Completed in 403ms
83 timing metavuln:load:security-advisory:undici:1090405 Completed in 3ms
84 timing metavuln:calculate:security-advisory:undici:1090405 Completed in 406ms
85 timing metavuln:load:security-advisory:undici:1096502 Completed in 4ms
86 timing metavuln:calculate:security-advisory:undici:1096502 Completed in 410ms
87 timing metavuln:load:security-advisory:undici:1096521 Completed in 94ms
88 timing metavuln:calculate:security-advisory:undici:1096521 Completed in 503ms
89 timing metavuln:cache:get:security-advisory:discord:ayjbDcH5Oaz2bimgLdRFK4ovmIdGJAy7L4bBuDjAkkwlYwRPF4n35PJfuYDPPuV7tyJPEDVqqBH6IebqRHohHQ== Completed in 6ms
90 http fetch GET 200 https://registry.npmjs.org/discord 99ms (cache hit)
91 timing metavuln:packument:discord Completed in 100ms
92 timing metavuln:load:security-advisory:discord:CkO22zAgn/buaZMLGRgYXPBAi3IgL1MQemmtbADgaqyZPS02soWnPmbtaS1nvjC/P9zmDy3zg8H9wD2q4NndhQ== Completed in 0ms
93 timing metavuln:calculate:security-advisory:discord:CkO22zAgn/buaZMLGRgYXPBAi3IgL1MQemmtbADgaqyZPS02soWnPmbtaS1nvjC/P9zmDy3zg8H9wD2q4NndhQ== Completed in 101ms
94 timing metavuln:cache:get:security-advisory:@discordjs/rest:nXscZOimYZL6DbAU59Iex0SHPHIhvBoHNRFu+iEEhDCohhJyopFEockx8bCUumNvy08a+wZa05IKer1orzAwTA== Completed in 6ms
95 http fetch GET 200 https://registry.npmjs.org/@discordjs%2frest 107ms (cache hit)
96 timing metavuln:packument:@discordjs/rest Completed in 297ms
97 timing metavuln:load:security-advisory:@discordjs/rest:6e7cFU61J3vcZ0AEZ3MKn/P4wYtfbBt99Jae7Tgz2zSC01xTNejtnEdVYDY1bBVA+he6W4odYIiVYvnyz7EiTA== Completed in 302ms
98 timing metavuln:calculate:security-advisory:@discordjs/rest:6e7cFU61J3vcZ0AEZ3MKn/P4wYtfbBt99Jae7Tgz2zSC01xTNejtnEdVYDY1bBVA+he6W4odYIiVYvnyz7EiTA== Completed in 599ms
99 timing auditReport:init Completed in 1311ms
100 timing reify:audit Completed in 3395ms
101 timing reify Completed in 5603ms
102 timing command:install Completed in 5891ms
103 verbose exit 0
104 timing npm Completed in 23007ms
105 info ok
