0 verbose cli /usr/local/bin/node /usr/local/bin/npm
1 info using npm@9.8.1
2 info using node@v18.19.1
3 timing npm:load:whichnode Completed in 4ms
4 timing config:load:defaults Completed in 5ms
5 timing config:load:file:/usr/local/lib/node_modules/npm/npmrc Completed in 1ms
6 timing config:load:builtin Completed in 1ms
7 timing config:load:cli Completed in 4ms
8 timing config:load:env Completed in 1ms
9 timing config:load:project Completed in 7ms
10 timing config:load:file:/home/container/.npmrc Completed in 0ms
11 timing config:load:user Completed in 0ms
12 timing config:load:file:/usr/local/etc/npmrc Completed in 0ms
13 timing config:load:global Completed in 1ms
14 timing config:load:setEnvs Completed in 2ms
15 timing config:load Completed in 21ms
16 timing npm:load:configload Completed in 21ms
17 timing config:load:flatten Completed in 5ms
18 timing npm:load:mkdirpcache Completed in 0ms
19 timing npm:load:mkdirplogs Completed in 1ms
20 verbose title npm install
21 verbose argv "install"
22 timing npm:load:setTitle Completed in 1ms
23 timing npm:load:display Completed in 1ms
24 verbose logfile logs-max:10 dir:/home/container/.npm/_logs/2024-02-23T10_42_38_582Z-
25 verbose logfile /home/container/.npm/_logs/2024-02-23T10_42_38_582Z-debug-0.log
26 timing npm:load:logFile Completed in 18ms
27 timing npm:load:timers Completed in 0ms
28 timing npm:load:configScope Completed in 0ms
29 timing npm:load Completed in 74ms
30 timing arborist:ctor Completed in 1ms
31 silly logfile done cleaning log files
32 timing idealTree:init Completed in 126ms
33 timing idealTree:userRequests Completed in 0ms
34 silly idealTree buildDeps
35 timing idealTree:#root Completed in 1ms
36 timing idealTree:buildDeps Completed in 3ms
37 timing idealTree:fixDepFlags Completed in 0ms
38 timing idealTree Completed in 137ms
39 timing reify:loadTrees Completed in 143ms
40 timing reify:diffTrees Completed in 5ms
41 silly reify moves {}
42 timing reify:retireShallow Completed in 2ms
43 timing reify:createSparse Completed in 18ms
44 timing reify:loadBundles Completed in 0ms
45 silly audit bulk request {
45 silly audit   '@discordjs/builders': [ '0.15.0', '0.16.0' ],
45 silly audit   'discord-api-types': [ '0.33.5', '0.35.0', '0.36.3' ],
45 silly audit   '@discordjs/collection': [ '0.7.0' ],
45 silly audit   '@discordjs/rest': [ '0.5.0' ],
45 silly audit   '@sapphire/async-queue': [ '1.5.0' ],
45 silly audit   '@sapphire/shapeshift': [ '3.8.2' ],
45 silly audit   '@sapphire/snowflake': [ '3.2.2' ],
45 silly audit   '@sindresorhus/is': [ '4.6.0' ],
45 silly audit   '@types/node': [ '18.16.0' ],
45 silly audit   '@types/node-fetch': [ '2.6.3' ],
45 silly audit   'form-data': [ '3.0.1', '4.0.0' ],
45 silly audit   '@types/ws': [ '8.5.4' ],
45 silly audit   accepts: [ '1.3.8' ],
45 silly audit   'array-flatten': [ '1.1.1' ],
45 silly audit   'ascii-table': [ '0.0.9' ],
45 silly audit   asynckit: [ '0.4.0' ],
45 silly audit   'body-parser': [ '1.20.0' ],
45 silly audit   bytes: [ '3.1.2' ],
45 silly audit   'call-bind': [ '1.0.2' ],
45 silly audit   'combined-stream': [ '1.0.8' ],
45 silly audit   'content-disposition': [ '0.5.4' ],
45 silly audit   'content-type': [ '1.0.4' ],
45 silly audit   cookie: [ '0.5.0' ],
45 silly audit   'cookie-signature': [ '1.0.6' ],
45 silly audit   debug: [ '2.6.9' ],
45 silly audit   ms: [ '2.0.0', '2.1.3' ],
45 silly audit   'delayed-stream': [ '1.0.0' ],
45 silly audit   depd: [ '2.0.0' ],
45 silly audit   destroy: [ '1.2.0' ],
45 silly audit   'discord.js': [ '13.15.1' ],
45 silly audit   'ee-first': [ '1.1.1' ],
45 silly audit   encodeurl: [ '1.0.2' ],
45 silly audit   'escape-html': [ '1.0.3' ],
45 silly audit   etag: [ '1.8.1' ],
45 silly audit   express: [ '4.18.1' ],
45 silly audit   'fast-deep-equal': [ '3.1.3' ],
45 silly audit   finalhandler: [ '1.2.0' ],
45 silly audit   forwarded: [ '0.2.0' ],
45 silly audit   fresh: [ '0.5.2' ],
45 silly audit   fs: [ '0.0.1-security' ],
45 silly audit   'function-bind': [ '1.1.1' ],
45 silly audit   'get-intrinsic': [ '1.1.2' ],
45 silly audit   has: [ '1.0.3' ],
45 silly audit   'has-symbols': [ '1.0.3' ],
45 silly audit   'http-errors': [ '2.0.0' ],
45 silly audit   'iconv-lite': [ '0.4.24' ],
45 silly audit   inherits: [ '2.0.4' ],
45 silly audit   'ipaddr.js': [ '1.9.1' ],
45 silly audit   lodash: [ '4.17.21' ],
45 silly audit   'media-typer': [ '0.3.0' ],
45 silly audit   'merge-descriptors': [ '1.0.1' ],
45 silly audit   methods: [ '1.1.2' ],
45 silly audit   mime: [ '1.6.0' ],
45 silly audit   'mime-db': [ '1.52.0' ],
45 silly audit   'mime-types': [ '2.1.35' ],
45 silly audit   negotiator: [ '0.6.3' ],
45 silly audit   'node-fetch': [ '2.6.7' ],
45 silly audit   'object-inspect': [ '1.12.2' ],
45 silly audit   'on-finished': [ '2.4.1' ],
45 silly audit   parseurl: [ '1.3.3' ],
45 silly audit   'path-to-regexp': [ '0.1.7' ],
45 silly audit   'proxy-addr': [ '2.0.7' ],
45 silly audit   qs: [ '6.10.3' ],
45 silly audit   'range-parser': [ '1.2.1' ],
45 silly audit   'raw-body': [ '2.5.1' ],
45 silly audit   'safe-buffer': [ '5.2.1' ],
45 silly audit   'safer-buffer': [ '2.1.2' ],
45 silly audit   send: [ '0.18.0' ],
45 silly audit   'serve-static': [ '1.15.0' ],
45 silly audit   setprototypeof: [ '1.2.0' ],
45 silly audit   'side-channel': [ '1.0.4' ],
45 silly audit   statuses: [ '2.0.1' ],
45 silly audit   toidentifier: [ '1.0.1' ],
45 silly audit   tr46: [ '0.0.3' ],
45 silly audit   'ts-mixer': [ '6.0.1' ],
45 silly audit   tslib: [ '2.4.0' ],
45 silly audit   'type-is': [ '1.6.18' ],
45 silly audit   undici: [ '5.5.1' ],
45 silly audit   unpipe: [ '1.0.0' ],
45 silly audit   'utils-merge': [ '1.0.1' ],
45 silly audit   vary: [ '1.1.2' ],
45 silly audit   'webidl-conversions': [ '3.0.1' ],
45 silly audit   'whatwg-url': [ '5.0.0' ],
45 silly audit   ws: [ '8.13.0' ]
45 silly audit }
46 silly tarball no local data for ws@https://registry.npmjs.org/ws/-/ws-8.13.0.tgz. Extracting by manifest.
47 silly tarball no local data for whatwg-url@https://registry.npmjs.org/whatwg-url/-/whatwg-url-5.0.0.tgz. Extracting by manifest.
48 silly tarball no local data for webidl-conversions@https://registry.npmjs.org/webidl-conversions/-/webidl-conversions-3.0.1.tgz. Extracting by manifest.
49 silly tarball no local data for vary@https://registry.npmjs.org/vary/-/vary-1.1.2.tgz. Extracting by manifest.
50 silly tarball no local data for unpipe@https://registry.npmjs.org/unpipe/-/unpipe-1.0.0.tgz. Extracting by manifest.
51 silly tarball no local data for utils-merge@https://registry.npmjs.org/utils-merge/-/utils-merge-1.0.1.tgz. Extracting by manifest.
52 silly tarball no local data for undici@https://registry.npmjs.org/undici/-/undici-5.5.1.tgz. Extracting by manifest.
53 silly tarball no local data for ts-mixer@https://registry.npmjs.org/ts-mixer/-/ts-mixer-6.0.1.tgz. Extracting by manifest.
54 silly tarball no local data for type-is@https://registry.npmjs.org/type-is/-/type-is-1.6.18.tgz. Extracting by manifest.
55 silly tarball no local data for tslib@https://registry.npmjs.org/tslib/-/tslib-2.4.0.tgz. Extracting by manifest.
56 silly tarball no local data for tr46@https://registry.npmjs.org/tr46/-/tr46-0.0.3.tgz. Extracting by manifest.
57 silly tarball no local data for toidentifier@https://registry.npmjs.org/toidentifier/-/toidentifier-1.0.1.tgz. Extracting by manifest.
58 silly tarball no local data for statuses@https://registry.npmjs.org/statuses/-/statuses-2.0.1.tgz. Extracting by manifest.
59 silly tarball no local data for side-channel@https://registry.npmjs.org/side-channel/-/side-channel-1.0.4.tgz. Extracting by manifest.
60 silly tarball no local data for setprototypeof@https://registry.npmjs.org/setprototypeof/-/setprototypeof-1.2.0.tgz. Extracting by manifest.
61 silly tarball no local data for serve-static@https://registry.npmjs.org/serve-static/-/serve-static-1.15.0.tgz. Extracting by manifest.
62 silly tarball no local data for send@https://registry.npmjs.org/send/-/send-0.18.0.tgz. Extracting by manifest.
63 silly tarball no local data for safer-buffer@https://registry.npmjs.org/safer-buffer/-/safer-buffer-2.1.2.tgz. Extracting by manifest.
64 silly tarball no local data for safe-buffer@https://registry.npmjs.org/safe-buffer/-/safe-buffer-5.2.1.tgz. Extracting by manifest.
65 silly tarball no local data for raw-body@https://registry.npmjs.org/raw-body/-/raw-body-2.5.1.tgz. Extracting by manifest.
66 silly tarball no local data for range-parser@https://registry.npmjs.org/range-parser/-/range-parser-1.2.1.tgz. Extracting by manifest.
67 silly tarball no local data for qs@https://registry.npmjs.org/qs/-/qs-6.10.3.tgz. Extracting by manifest.
68 silly tarball no local data for parseurl@https://registry.npmjs.org/parseurl/-/parseurl-1.3.3.tgz. Extracting by manifest.
69 silly tarball no local data for proxy-addr@https://registry.npmjs.org/proxy-addr/-/proxy-addr-2.0.7.tgz. Extracting by manifest.
70 silly tarball no local data for on-finished@https://registry.npmjs.org/on-finished/-/on-finished-2.4.1.tgz. Extracting by manifest.
71 silly tarball no local data for object-inspect@https://registry.npmjs.org/object-inspect/-/object-inspect-1.12.2.tgz. Extracting by manifest.
72 silly tarball no local data for node-fetch@https://registry.npmjs.org/node-fetch/-/node-fetch-2.6.7.tgz. Extracting by manifest.
73 silly tarball no local data for path-to-regexp@https://registry.npmjs.org/path-to-regexp/-/path-to-regexp-0.1.7.tgz. Extracting by manifest.
74 silly tarball no local data for negotiator@https://registry.npmjs.org/negotiator/-/negotiator-0.6.3.tgz. Extracting by manifest.
75 silly tarball no local data for ms@https://registry.npmjs.org/ms/-/ms-2.1.3.tgz. Extracting by manifest.
76 silly tarball no local data for mime-types@https://registry.npmjs.org/mime-types/-/mime-types-2.1.35.tgz. Extracting by manifest.
77 silly tarball no local data for mime-db@https://registry.npmjs.org/mime-db/-/mime-db-1.52.0.tgz. Extracting by manifest.
78 silly tarball no local data for mime@https://registry.npmjs.org/mime/-/mime-1.6.0.tgz. Extracting by manifest.
79 silly tarball no local data for methods@https://registry.npmjs.org/methods/-/methods-1.1.2.tgz. Extracting by manifest.
80 silly tarball no local data for merge-descriptors@https://registry.npmjs.org/merge-descriptors/-/merge-descriptors-1.0.1.tgz. Extracting by manifest.
81 silly tarball no local data for lodash@https://registry.npmjs.org/lodash/-/lodash-4.17.21.tgz. Extracting by manifest.
82 silly tarball no local data for media-typer@https://registry.npmjs.org/media-typer/-/media-typer-0.3.0.tgz. Extracting by manifest.
83 silly tarball no local data for ipaddr.js@https://registry.npmjs.org/ipaddr.js/-/ipaddr.js-1.9.1.tgz. Extracting by manifest.
84 silly tarball no local data for iconv-lite@https://registry.npmjs.org/iconv-lite/-/iconv-lite-0.4.24.tgz. Extracting by manifest.
85 silly tarball no local data for has-symbols@https://registry.npmjs.org/has-symbols/-/has-symbols-1.0.3.tgz. Extracting by manifest.
86 silly tarball no local data for http-errors@https://registry.npmjs.org/http-errors/-/http-errors-2.0.0.tgz. Extracting by manifest.
87 silly tarball no local data for inherits@https://registry.npmjs.org/inherits/-/inherits-2.0.4.tgz. Extracting by manifest.
88 silly tarball no local data for has@https://registry.npmjs.org/has/-/has-1.0.3.tgz. Extracting by manifest.
89 silly tarball no local data for get-intrinsic@https://registry.npmjs.org/get-intrinsic/-/get-intrinsic-1.1.2.tgz. Extracting by manifest.
90 silly tarball no local data for fs@https://registry.npmjs.org/fs/-/fs-0.0.1-security.tgz. Extracting by manifest.
91 silly tarball no local data for function-bind@https://registry.npmjs.org/function-bind/-/function-bind-1.1.1.tgz. Extracting by manifest.
92 silly tarball no local data for fresh@https://registry.npmjs.org/fresh/-/fresh-0.5.2.tgz. Extracting by manifest.
93 silly tarball no local data for forwarded@https://registry.npmjs.org/forwarded/-/forwarded-0.2.0.tgz. Extracting by manifest.
94 silly tarball no local data for form-data@https://registry.npmjs.org/form-data/-/form-data-4.0.0.tgz. Extracting by manifest.
95 silly tarball no local data for fast-deep-equal@https://registry.npmjs.org/fast-deep-equal/-/fast-deep-equal-3.1.3.tgz. Extracting by manifest.
96 silly tarball no local data for finalhandler@https://registry.npmjs.org/finalhandler/-/finalhandler-1.2.0.tgz. Extracting by manifest.
97 silly tarball no local data for express@https://registry.npmjs.org/express/-/express-4.18.1.tgz. Extracting by manifest.
98 silly tarball no local data for etag@https://registry.npmjs.org/etag/-/etag-1.8.1.tgz. Extracting by manifest.
99 silly tarball no local data for escape-html@https://registry.npmjs.org/escape-html/-/escape-html-1.0.3.tgz. Extracting by manifest.
100 silly tarball no local data for encodeurl@https://registry.npmjs.org/encodeurl/-/encodeurl-1.0.2.tgz. Extracting by manifest.
101 silly tarball no local data for ee-first@https://registry.npmjs.org/ee-first/-/ee-first-1.1.1.tgz. Extracting by manifest.
102 silly tarball no local data for discord.js@https://registry.npmjs.org/discord.js/-/discord.js-13.15.1.tgz. Extracting by manifest.
103 silly tarball no local data for discord-api-types@https://registry.npmjs.org/discord-api-types/-/discord-api-types-0.35.0.tgz. Extracting by manifest.
104 silly tarball no local data for depd@https://registry.npmjs.org/depd/-/depd-2.0.0.tgz. Extracting by manifest.
105 silly tarball no local data for destroy@https://registry.npmjs.org/destroy/-/destroy-1.2.0.tgz. Extracting by manifest.
106 silly tarball no local data for delayed-stream@https://registry.npmjs.org/delayed-stream/-/delayed-stream-1.0.0.tgz. Extracting by manifest.
107 silly tarball no local data for debug@https://registry.npmjs.org/debug/-/debug-2.6.9.tgz. Extracting by manifest.
108 silly tarball no local data for cookie-signature@https://registry.npmjs.org/cookie-signature/-/cookie-signature-1.0.6.tgz. Extracting by manifest.
109 silly tarball no local data for cookie@https://registry.npmjs.org/cookie/-/cookie-0.5.0.tgz. Extracting by manifest.
110 silly tarball no local data for content-type@https://registry.npmjs.org/content-type/-/content-type-1.0.4.tgz. Extracting by manifest.
111 silly tarball no local data for content-disposition@https://registry.npmjs.org/content-disposition/-/content-disposition-0.5.4.tgz. Extracting by manifest.
112 silly tarball no local data for combined-stream@https://registry.npmjs.org/combined-stream/-/combined-stream-1.0.8.tgz. Extracting by manifest.
113 silly tarball no local data for call-bind@https://registry.npmjs.org/call-bind/-/call-bind-1.0.2.tgz. Extracting by manifest.
114 silly tarball no local data for bytes@https://registry.npmjs.org/bytes/-/bytes-3.1.2.tgz. Extracting by manifest.
115 silly tarball no local data for body-parser@https://registry.npmjs.org/body-parser/-/body-parser-1.20.0.tgz. Extracting by manifest.
116 silly tarball no local data for asynckit@https://registry.npmjs.org/asynckit/-/asynckit-0.4.0.tgz. Extracting by manifest.
117 silly tarball no local data for ascii-table@https://registry.npmjs.org/ascii-table/-/ascii-table-0.0.9.tgz. Extracting by manifest.
118 silly tarball no local data for array-flatten@https://registry.npmjs.org/array-flatten/-/array-flatten-1.1.1.tgz. Extracting by manifest.
119 silly tarball no local data for accepts@https://registry.npmjs.org/accepts/-/accepts-1.3.8.tgz. Extracting by manifest.
120 silly tarball no local data for @types/ws@https://registry.npmjs.org/@types/ws/-/ws-8.5.4.tgz. Extracting by manifest.
121 silly tarball no local data for @types/node-fetch@https://registry.npmjs.org/@types/node-fetch/-/node-fetch-2.6.3.tgz. Extracting by manifest.
122 silly tarball no local data for @types/node@https://registry.npmjs.org/@types/node/-/node-18.16.0.tgz. Extracting by manifest.
123 silly tarball no local data for @sindresorhus/is@https://registry.npmjs.org/@sindresorhus/is/-/is-4.6.0.tgz. Extracting by manifest.
124 silly tarball no local data for @sapphire/snowflake@https://registry.npmjs.org/@sapphire/snowflake/-/snowflake-3.2.2.tgz. Extracting by manifest.
125 silly tarball no local data for @sapphire/shapeshift@https://registry.npmjs.org/@sapphire/shapeshift/-/shapeshift-3.8.2.tgz. Extracting by manifest.
126 silly tarball no local data for @sapphire/async-queue@https://registry.npmjs.org/@sapphire/async-queue/-/async-queue-1.5.0.tgz. Extracting by manifest.
127 silly tarball no local data for @discordjs/rest@https://registry.npmjs.org/@discordjs/rest/-/rest-0.5.0.tgz. Extracting by manifest.
128 silly tarball no local data for @discordjs/collection@https://registry.npmjs.org/@discordjs/collection/-/collection-0.7.0.tgz. Extracting by manifest.
129 silly tarball no local data for @discordjs/builders@https://registry.npmjs.org/@discordjs/builders/-/builders-0.15.0.tgz. Extracting by manifest.
130 silly tarball no local data for discord-api-types@https://registry.npmjs.org/discord-api-types/-/discord-api-types-0.36.3.tgz. Extracting by manifest.
131 silly tarball no local data for discord-api-types@https://registry.npmjs.org/discord-api-types/-/discord-api-types-0.33.5.tgz. Extracting by manifest.
132 silly tarball no local data for @discordjs/builders@https://registry.npmjs.org/@discordjs/builders/-/builders-0.16.0.tgz. Extracting by manifest.
133 silly tarball no local data for ms@https://registry.npmjs.org/ms/-/ms-2.0.0.tgz. Extracting by manifest.
134 silly tarball no local data for form-data@https://registry.npmjs.org/form-data/-/form-data-3.0.1.tgz. Extracting by manifest.
135 silly tarball no local data for discord-api-types@https://registry.npmjs.org/discord-api-types/-/discord-api-types-0.33.5.tgz. Extracting by manifest.
136 silly tarball no local data for discord-api-types@https://registry.npmjs.org/discord-api-types/-/discord-api-types-0.33.5.tgz. Extracting by manifest.
137 http fetch POST 200 https://registry.npmjs.org/-/npm/v1/security/advisories/bulk 784ms
138 timing auditReport:getReport Completed in 793ms
139 silly audit report {
139 silly audit report   undici: [
139 silly audit report     {
139 silly audit report       id: 1089266,
139 silly audit report       url: 'https://github.com/advisories/GHSA-q768-x9m6-m9qp',
139 silly audit report       title: 'undici before v5.8.0 vulnerable to uncleared cookies on cross-host / cross-origin redirect',
139 silly audit report       severity: 'low',
139 silly audit report       vulnerable_versions: '<5.8.0',
139 silly audit report       cwe: [Array],
139 silly audit report       cvss: [Object]
139 silly audit report     },
139 silly audit report     {
139 silly audit report       id: 1091088,
139 silly audit report       url: 'https://github.com/advisories/GHSA-r6ch-mqf9-qc9w',
139 silly audit report       title: 'Regular Expression Denial of Service in Headers',
139 silly audit report       severity: 'high',
139 silly audit report       vulnerable_versions: '<5.19.1',
139 silly audit report       cwe: [Array],
139 silly audit report       cvss: [Object]
139 silly audit report     },
139 silly audit report     {
139 silly audit report       id: 1091151,
139 silly audit report       url: 'https://github.com/advisories/GHSA-5r9g-qh6m-jxff',
139 silly audit report       title: 'CRLF Injection in Nodejs ‘undici’ via host',
139 silly audit report       severity: 'moderate',
139 silly audit report       vulnerable_versions: '>=2.0.0 <5.19.1',
139 silly audit report       cwe: [Array],
139 silly audit report       cvss: [Object]
139 silly audit report     },
139 silly audit report     {
139 silly audit report       id: 1088895,
139 silly audit report       url: 'https://github.com/advisories/GHSA-3cvr-822r-rqcc',
139 silly audit report       title: 'undici before v5.8.0 vulnerable to CRLF injection in request headers',
139 silly audit report       severity: 'moderate',
139 silly audit report       vulnerable_versions: '<5.8.0',
139 silly audit report       cwe: [Array],
139 silly audit report       cvss: [Object]
139 silly audit report     },
139 silly audit report     {
139 silly audit report       id: 1090404,
139 silly audit report       url: 'https://github.com/advisories/GHSA-f772-66g8-q5h3',
139 silly audit report       title: 'Nodejs ‘undici’ vulnerable to CRLF Injection via Content-Type',
139 silly audit report       severity: 'moderate',
139 silly audit report       vulnerable_versions: '<=5.8.1',
139 silly audit report       cwe: [Array],
139 silly audit report       cvss: [Object]
139 silly audit report     },
139 silly audit report     {
139 silly audit report       id: 1090405,
139 silly audit report       url: 'https://github.com/advisories/GHSA-8qr4-xgw6-wmr3',
139 silly audit report       title: '`undici.request` vulnerable to SSRF using absolute URL on `pathname`',
139 silly audit report       severity: 'moderate',
139 silly audit report       vulnerable_versions: '<=5.8.1',
139 silly audit report       cwe: [Array],
139 silly audit report       cvss: [Object]
139 silly audit report     },
139 silly audit report     {
139 silly audit report       id: 1096502,
139 silly audit report       url: 'https://github.com/advisories/GHSA-wqq4-5wpv-mx2g',
139 silly audit report       title: "Undici's cookie header not cleared on cross-origin redirect in fetch",
139 silly audit report       severity: 'low',
139 silly audit report       vulnerable_versions: '<5.26.2',
139 silly audit report       cwe: [Array],
139 silly audit report       cvss: [Object]
139 silly audit report     },
139 silly audit report     {
139 silly audit report       id: 1096521,
139 silly audit report       url: 'https://github.com/advisories/GHSA-3787-6prv-h9w3',
139 silly audit report       title: 'Undici proxy-authorization header not cleared on cross-origin redirect in fetch',
139 silly audit report       severity: 'low',
139 silly audit report       vulnerable_versions: '<=5.28.2',
139 silly audit report       cwe: [],
139 silly audit report       cvss: [Object]
139 silly audit report     }
139 silly audit report   ]
139 silly audit report }
140 timing metavuln:cache:get:security-advisory:undici:6e7cFU61J3vcZ0AEZ3MKn/P4wYtfbBt99Jae7Tgz2zSC01xTNejtnEdVYDY1bBVA+he6W4odYIiVYvnyz7EiTA== Completed in 54ms
141 timing metavuln:cache:get:security-advisory:undici:baMmQIWZBa6WnO8P3a71muKjtzGPttvtCQzYBrz8j3QU7bu5e5bKYSz9qxG7SJA/7Rx1Vr9eqhmA4qPMt/vT0Q== Completed in 53ms
142 timing metavuln:cache:get:security-advisory:undici:nQObUsuTAJw3uIE2fDBnnvZ/K+sGYoQceZrAoY2KQ7iHjP+DKZ89jIOBQ7el1efh19OJOpXHaTafU32tKOzZ9Q== Completed in 53ms
143 timing metavuln:cache:get:security-advisory:undici:z7SzVkyP03FSFTXmIFv9JObknaIxI7LBNAYs5+FmmU/WakpW7D0O6r6WxD5t61TbVAheQxpL9KX6DBLrpFj8Zg== Completed in 53ms
144 timing metavuln:cache:get:security-advisory:undici:5RaRKXa8wbNT7abUSDeFtJWPYhGDHfrHjUHsGZOCLBKrpD6EXVJo11UvW/Q6CrfZQpJF/Xh4XjOr5mTMFU56/w== Completed in 52ms
145 timing metavuln:cache:get:security-advisory:undici:wcjhf5XlNdHP01akSpNigC7F7/egyUIM5dVILKJ4xqknxhJAnaFlt3v8jImdiiGDtukwBaKPuxhZvH3vt/cf+Q== Completed in 52ms
146 timing metavuln:cache:get:security-advisory:undici:CQme3UXqbSc+6MbXKNOaEvMU/3z0huPXd+qWmB7TiOHJlEvs8VRjRggkmUpdwhQLuZrmY0ySr/ibkfKpCwXWfg== Completed in 52ms
147 timing metavuln:cache:get:security-advisory:undici:Er/7j70BfFtpcsrVHIsnewevKrEpQ7MCMbX+1JxaH4yiXhr7WieOcGLCRnLyyF4iRoBENZRW5x3FcmOzGciqbg== Completed in 52ms
148 http fetch GET 200 https://registry.npmjs.org/raw-body/-/raw-body-2.5.1.tgz 1275ms (cache miss)
149 timing reifyNode:node_modules/raw-body Completed in 1390ms
150 http fetch GET 200 https://registry.npmjs.org/range-parser/-/range-parser-1.2.1.tgz 1276ms (cache miss)
151 timing reifyNode:node_modules/range-parser Completed in 1391ms
152 http fetch GET 200 https://registry.npmjs.org/merge-descriptors/-/merge-descriptors-1.0.1.tgz 1247ms (cache miss)
153 timing reifyNode:node_modules/merge-descriptors Completed in 1394ms
154 http fetch GET 200 https://registry.npmjs.org/utils-merge/-/utils-merge-1.0.1.tgz 1303ms (cache miss)
155 timing reifyNode:node_modules/utils-merge Completed in 1404ms
156 http fetch GET 200 https://registry.npmjs.org/webidl-conversions/-/webidl-conversions-3.0.1.tgz 1307ms (cache miss)
157 timing reifyNode:node_modules/webidl-conversions Completed in 1406ms
158 http fetch GET 200 https://registry.npmjs.org/toidentifier/-/toidentifier-1.0.1.tgz 1297ms (cache miss)
159 timing reifyNode:node_modules/toidentifier Completed in 1406ms
160 http fetch GET 200 https://registry.npmjs.org/unpipe/-/unpipe-1.0.0.tgz 1308ms (cache miss)
161 timing reifyNode:node_modules/unpipe Completed in 1408ms
162 http fetch GET 200 https://registry.npmjs.org/setprototypeof/-/setprototypeof-1.2.0.tgz 1297ms (cache miss)
163 timing reifyNode:node_modules/setprototypeof Completed in 1407ms
164 http fetch GET 200 https://registry.npmjs.org/parseurl/-/parseurl-1.3.3.tgz 1277ms (cache miss)
165 timing reifyNode:node_modules/parseurl Completed in 1407ms
166 http fetch GET 200 https://registry.npmjs.org/ms/-/ms-2.1.3.tgz 1267ms (cache miss)
167 timing reifyNode:node_modules/ms Completed in 1407ms
168 http fetch GET 200 https://registry.npmjs.org/path-to-regexp/-/path-to-regexp-0.1.7.tgz 1272ms (cache miss)
169 timing reifyNode:node_modules/path-to-regexp Completed in 1410ms
170 http fetch GET 200 https://registry.npmjs.org/fs/-/fs-0.0.1-security.tgz 1242ms (cache miss)
171 timing reifyNode:node_modules/fs Completed in 1410ms
172 http fetch GET 200 https://registry.npmjs.org/fast-deep-equal/-/fast-deep-equal-3.1.3.tgz 1235ms (cache miss)
173 timing reifyNode:node_modules/fast-deep-equal Completed in 1411ms
174 http fetch GET 200 https://registry.npmjs.org/statuses/-/statuses-2.0.1.tgz 1324ms (cache miss)
175 timing reifyNode:node_modules/statuses Completed in 1434ms
176 http fetch GET 200 https://registry.npmjs.org/vary/-/vary-1.1.2.tgz 1337ms (cache miss)
177 timing reifyNode:node_modules/vary Completed in 1437ms
178 http fetch GET 200 https://registry.npmjs.org/type-is/-/type-is-1.6.18.tgz 1332ms (cache miss)
179 timing reifyNode:node_modules/type-is Completed in 1437ms
180 http fetch GET 200 https://registry.npmjs.org/proxy-addr/-/proxy-addr-2.0.7.tgz 1303ms (cache miss)
181 timing reifyNode:node_modules/proxy-addr Completed in 1436ms
182 http fetch GET 200 https://registry.npmjs.org/on-finished/-/on-finished-2.4.1.tgz 1303ms (cache miss)
183 timing reifyNode:node_modules/on-finished Completed in 1436ms
184 http fetch GET 200 https://registry.npmjs.org/mime-types/-/mime-types-2.1.35.tgz 1294ms (cache miss)
185 timing reifyNode:node_modules/mime-types Completed in 1437ms
186 http fetch GET 200 https://registry.npmjs.org/methods/-/methods-1.1.2.tgz 1291ms (cache miss)
187 timing reifyNode:node_modules/methods Completed in 1438ms
188 http fetch GET 200 https://registry.npmjs.org/inherits/-/inherits-2.0.4.tgz 1276ms (cache miss)
189 timing reifyNode:node_modules/inherits Completed in 1439ms
190 http fetch GET 200 https://registry.npmjs.org/fresh/-/fresh-0.5.2.tgz 1269ms (cache miss)
191 timing reifyNode:node_modules/fresh Completed in 1439ms
192 http fetch GET 200 https://registry.npmjs.org/etag/-/etag-1.8.1.tgz 1261ms (cache miss)
193 timing reifyNode:node_modules/etag Completed in 1440ms
194 http fetch GET 200 https://registry.npmjs.org/forwarded/-/forwarded-0.2.0.tgz 1269ms (cache miss)
195 timing reifyNode:node_modules/forwarded Completed in 1440ms
196 http fetch GET 200 https://registry.npmjs.org/cookie-signature/-/cookie-signature-1.0.6.tgz 1245ms (cache miss)
197 timing reifyNode:node_modules/cookie-signature Completed in 1440ms
198 http fetch GET 200 https://registry.npmjs.org/safe-buffer/-/safe-buffer-5.2.1.tgz 1338ms (cache miss)
199 timing reifyNode:node_modules/safe-buffer Completed in 1450ms
200 http fetch GET 200 https://registry.npmjs.org/side-channel/-/side-channel-1.0.4.tgz 1343ms (cache miss)
201 timing reifyNode:node_modules/side-channel Completed in 1452ms
202 http fetch GET 200 https://registry.npmjs.org/negotiator/-/negotiator-0.6.3.tgz 1313ms (cache miss)
203 timing reifyNode:node_modules/negotiator Completed in 1452ms
204 http fetch GET 200 https://registry.npmjs.org/mime/-/mime-1.6.0.tgz 1308ms (cache miss)
205 timing reifyNode:node_modules/mime Completed in 1452ms
206 http fetch GET 200 https://registry.npmjs.org/media-typer/-/media-typer-0.3.0.tgz 1302ms (cache miss)
207 timing reifyNode:node_modules/media-typer Completed in 1452ms
208 http fetch GET 200 https://registry.npmjs.org/http-errors/-/http-errors-2.0.0.tgz 1291ms (cache miss)
209 timing reifyNode:node_modules/http-errors Completed in 1453ms
210 http fetch GET 200 https://registry.npmjs.org/has/-/has-1.0.3.tgz 1288ms (cache miss)
211 timing reifyNode:node_modules/has Completed in 1453ms
212 http fetch GET 200 https://registry.npmjs.org/finalhandler/-/finalhandler-1.2.0.tgz 1277ms (cache miss)
213 timing reifyNode:node_modules/finalhandler Completed in 1453ms
214 http fetch GET 200 https://registry.npmjs.org/escape-html/-/escape-html-1.0.3.tgz 1272ms (cache miss)
215 timing reifyNode:node_modules/escape-html Completed in 1453ms
216 http fetch GET 200 https://registry.npmjs.org/ee-first/-/ee-first-1.1.1.tgz 1270ms (cache miss)
217 timing reifyNode:node_modules/ee-first Completed in 1453ms
218 http fetch GET 200 https://registry.npmjs.org/encodeurl/-/encodeurl-1.0.2.tgz 1271ms (cache miss)
219 timing reifyNode:node_modules/encodeurl Completed in 1454ms
220 http fetch GET 200 https://registry.npmjs.org/delayed-stream/-/delayed-stream-1.0.0.tgz 1262ms (cache miss)
221 timing reifyNode:node_modules/delayed-stream Completed in 1453ms
222 http fetch GET 200 https://registry.npmjs.org/content-disposition/-/content-disposition-0.5.4.tgz 1254ms (cache miss)
223 timing reifyNode:node_modules/content-disposition Completed in 1453ms
224 http fetch GET 200 https://registry.npmjs.org/serve-static/-/serve-static-1.15.0.tgz 1375ms (cache miss)
225 timing reifyNode:node_modules/serve-static Completed in 1486ms
226 http fetch GET 200 https://registry.npmjs.org/call-bind/-/call-bind-1.0.2.tgz 1281ms (cache miss)
227 http fetch GET 200 https://registry.npmjs.org/destroy/-/destroy-1.2.0.tgz 1302ms (cache miss)
228 timing reifyNode:node_modules/destroy Completed in 1494ms
229 http fetch GET 200 https://registry.npmjs.org/combined-stream/-/combined-stream-1.0.8.tgz 1291ms (cache miss)
230 timing reifyNode:node_modules/combined-stream Completed in 1492ms
231 http fetch GET 200 https://registry.npmjs.org/safer-buffer/-/safer-buffer-2.1.2.tgz 1394ms (cache miss)
232 timing reifyNode:node_modules/safer-buffer Completed in 1507ms
233 http fetch GET 200 https://registry.npmjs.org/cookie/-/cookie-0.5.0.tgz 1306ms (cache miss)
234 timing reifyNode:node_modules/cookie Completed in 1504ms
235 http fetch GET 200 https://registry.npmjs.org/bytes/-/bytes-3.1.2.tgz 1298ms (cache miss)
236 timing reifyNode:node_modules/bytes Completed in 1503ms
237 http fetch GET 200 https://registry.npmjs.org/@types/ws/-/ws-8.5.4.tgz 1288ms (cache miss)
238 timing reifyNode:node_modules/@types/ws Completed in 1505ms
239 http fetch GET 200 https://registry.npmjs.org/ms/-/ms-2.0.0.tgz 1253ms (cache miss)
240 timing reifyNode:node_modules/debug/node_modules/ms Completed in 1506ms
241 http fetch GET 200 https://registry.npmjs.org/array-flatten/-/array-flatten-1.1.1.tgz 1293ms (cache miss)
242 timing reifyNode:node_modules/array-flatten Completed in 1506ms
243 http fetch GET 200 https://registry.npmjs.org/form-data/-/form-data-4.0.0.tgz 1341ms (cache miss)
244 timing reifyNode:node_modules/form-data Completed in 1514ms
245 http fetch GET 200 https://registry.npmjs.org/content-type/-/content-type-1.0.4.tgz 1314ms (cache miss)
246 timing reifyNode:node_modules/content-type Completed in 1513ms
247 timing reifyNode:node_modules/call-bind Completed in 1512ms
248 http fetch GET 200 https://registry.npmjs.org/@types/node-fetch/-/node-fetch-2.6.3.tgz 1295ms (cache miss)
249 timing reifyNode:node_modules/@types/node-fetch Completed in 1514ms
250 http fetch GET 200 https://registry.npmjs.org/body-parser/-/body-parser-1.20.0.tgz 1315ms (cache miss)
251 http fetch GET 200 https://registry.npmjs.org/form-data/-/form-data-3.0.1.tgz 1268ms (cache miss)
252 timing reifyNode:node_modules/@types/node-fetch/node_modules/form-data Completed in 1521ms
253 http fetch GET 200 https://registry.npmjs.org/send/-/send-0.18.0.tgz 1423ms (cache miss)
254 timing reifyNode:node_modules/send Completed in 1535ms
255 http fetch GET 200 https://registry.npmjs.org/accepts/-/accepts-1.3.8.tgz 1317ms (cache miss)
256 timing reifyNode:node_modules/accepts Completed in 1532ms
257 http fetch GET 200 https://registry.npmjs.org/debug/-/debug-2.6.9.tgz 1346ms (cache miss)
258 http fetch GET 200 https://registry.npmjs.org/@sindresorhus/is/-/is-4.6.0.tgz 1316ms (cache miss)
259 timing reifyNode:node_modules/@sindresorhus/is Completed in 1538ms
260 http fetch GET 200 https://registry.npmjs.org/function-bind/-/function-bind-1.1.1.tgz 1380ms (cache miss)
261 timing reifyNode:node_modules/function-bind Completed in 1548ms
262 timing reifyNode:node_modules/body-parser Completed in 1546ms
263 http fetch GET 200 https://registry.npmjs.org/tslib/-/tslib-2.4.0.tgz 1451ms (cache miss)
264 timing reifyNode:node_modules/tslib Completed in 1556ms
265 http fetch GET 200 https://registry.npmjs.org/depd/-/depd-2.0.0.tgz 1365ms (cache miss)
266 timing reifyNode:node_modules/depd Completed in 1553ms
267 timing reifyNode:node_modules/debug Completed in 1553ms
268 http fetch GET 200 https://registry.npmjs.org/ipaddr.js/-/ipaddr.js-1.9.1.tgz 1413ms (cache miss)
269 timing reifyNode:node_modules/ipaddr.js Completed in 1564ms
270 http fetch GET 200 https://registry.npmjs.org/has-symbols/-/has-symbols-1.0.3.tgz 1411ms (cache miss)
271 timing reifyNode:node_modules/has-symbols Completed in 1565ms
272 http fetch GET 200 https://registry.npmjs.org/ascii-table/-/ascii-table-0.0.9.tgz 1352ms (cache miss)
273 timing reifyNode:node_modules/ascii-table Completed in 1562ms
274 http fetch GET 200 https://registry.npmjs.org/@sapphire/async-queue/-/async-queue-1.5.0.tgz 1326ms (cache miss)
275 http fetch GET 200 https://registry.npmjs.org/whatwg-url/-/whatwg-url-5.0.0.tgz 1478ms (cache miss)
276 timing reifyNode:node_modules/whatwg-url Completed in 1576ms
277 timing reifyNode:node_modules/@sapphire/async-queue Completed in 1581ms
278 http fetch GET 200 https://registry.npmjs.org/get-intrinsic/-/get-intrinsic-1.1.2.tgz 1428ms (cache miss)
279 timing reifyNode:node_modules/get-intrinsic Completed in 1594ms
280 http fetch GET 200 https://registry.npmjs.org/asynckit/-/asynckit-0.4.0.tgz 1394ms (cache miss)
281 timing reifyNode:node_modules/asynckit Completed in 1602ms
282 http fetch GET 200 https://registry.npmjs.org/mime-db/-/mime-db-1.52.0.tgz 1468ms (cache miss)
283 timing reifyNode:node_modules/mime-db Completed in 1612ms
284 http fetch GET 200 https://registry.npmjs.org/node-fetch/-/node-fetch-2.6.7.tgz 4181ms (cache miss)
285 timing reifyNode:node_modules/node-fetch Completed in 4317ms
286 http fetch GET 200 https://registry.npmjs.org/ts-mixer/-/ts-mixer-6.0.1.tgz 4245ms (cache miss)
287 timing reifyNode:node_modules/ts-mixer Completed in 4348ms
288 http fetch GET 200 https://registry.npmjs.org/ws/-/ws-8.13.0.tgz 4453ms (cache miss)
289 timing reifyNode:node_modules/ws Completed in 4551ms
290 http fetch GET 200 https://registry.npmjs.org/undici 3773ms (cache miss)
291 timing metavuln:packument:undici Completed in 3782ms
292 timing metavuln:load:security-advisory:undici:1089266 Completed in 44ms
293 timing metavuln:load:security-advisory:undici:1091088 Completed in 96ms
294 timing metavuln:load:security-advisory:undici:1091151 Completed in 23ms
295 timing metavuln:load:security-advisory:undici:1088895 Completed in 22ms
296 timing metavuln:load:security-advisory:undici:1090404 Completed in 12ms
297 timing metavuln:load:security-advisory:undici:1090405 Completed in 16ms
298 timing metavuln:load:security-advisory:undici:1096502 Completed in 15ms
299 timing metavuln:load:security-advisory:undici:1096521 Completed in 16ms
300 http fetch GET 200 https://registry.npmjs.org/@sapphire/snowflake/-/snowflake-3.2.2.tgz 4628ms (cache miss)
301 http fetch GET 200 https://registry.npmjs.org/tr46/-/tr46-0.0.3.tgz 4758ms (cache miss)
302 timing reifyNode:node_modules/tr46 Completed in 4865ms
303 http fetch GET 200 https://registry.npmjs.org/iconv-lite/-/iconv-lite-0.4.24.tgz 4754ms (cache miss)
304 timing reifyNode:node_modules/iconv-lite Completed in 4908ms
305 timing reifyNode:node_modules/@sapphire/snowflake Completed in 4909ms
306 http fetch GET 200 https://registry.npmjs.org/express/-/express-4.18.1.tgz 4739ms (cache miss)
307 timing reifyNode:node_modules/express Completed in 4918ms
308 http fetch GET 200 https://registry.npmjs.org/object-inspect/-/object-inspect-1.12.2.tgz 4797ms (cache miss)
309 timing reifyNode:node_modules/object-inspect Completed in 4931ms
310 http fetch GET 200 https://registry.npmjs.org/qs/-/qs-6.10.3.tgz 4823ms (cache miss)
311 timing reifyNode:node_modules/qs Completed in 4951ms
312 http fetch GET 200 https://registry.npmjs.org/@discordjs/collection/-/collection-0.7.0.tgz 4703ms (cache miss)
313 timing reifyNode:node_modules/@discordjs/collection Completed in 4947ms
314 timing metavuln:cache:put:security-advisory:undici:z7SzVkyP03FSFTXmIFv9JObknaIxI7LBNAYs5+FmmU/WakpW7D0O6r6WxD5t61TbVAheQxpL9KX6DBLrpFj8Zg== Completed in 201ms
315 timing metavuln:calculate:security-advisory:undici:1088895 Completed in 4174ms
316 timing metavuln:cache:put:security-advisory:undici:6e7cFU61J3vcZ0AEZ3MKn/P4wYtfbBt99Jae7Tgz2zSC01xTNejtnEdVYDY1bBVA+he6W4odYIiVYvnyz7EiTA== Completed in 361ms
317 timing metavuln:calculate:security-advisory:undici:1089266 Completed in 4188ms
318 timing metavuln:cache:put:security-advisory:undici:CQme3UXqbSc+6MbXKNOaEvMU/3z0huPXd+qWmB7TiOHJlEvs8VRjRggkmUpdwhQLuZrmY0ySr/ibkfKpCwXWfg== Completed in 166ms
319 timing metavuln:calculate:security-advisory:undici:1096502 Completed in 4184ms
320 timing metavuln:cache:put:security-advisory:undici:Er/7j70BfFtpcsrVHIsnewevKrEpQ7MCMbX+1JxaH4yiXhr7WieOcGLCRnLyyF4iRoBENZRW5x3FcmOzGciqbg== Completed in 148ms
321 timing metavuln:calculate:security-advisory:undici:1096521 Completed in 4184ms
322 timing metavuln:cache:put:security-advisory:undici:nQObUsuTAJw3uIE2fDBnnvZ/K+sGYoQceZrAoY2KQ7iHjP+DKZ89jIOBQ7el1efh19OJOpXHaTafU32tKOzZ9Q== Completed in 237ms
323 timing metavuln:calculate:security-advisory:undici:1091151 Completed in 4185ms
324 timing metavuln:cache:put:security-advisory:undici:wcjhf5XlNdHP01akSpNigC7F7/egyUIM5dVILKJ4xqknxhJAnaFlt3v8jImdiiGDtukwBaKPuxhZvH3vt/cf+Q== Completed in 183ms
325 timing metavuln:calculate:security-advisory:undici:1090405 Completed in 4185ms
326 http fetch GET 200 https://registry.npmjs.org/@discordjs/builders/-/builders-0.16.0.tgz 4711ms (cache miss)
327 warn deprecated @discordjs/builders@0.16.0: no longer supported
328 timing reifyNode:node_modules/discord.js/node_modules/@discordjs/builders Completed in 4965ms
329 timing metavuln:cache:put:security-advisory:undici:baMmQIWZBa6WnO8P3a71muKjtzGPttvtCQzYBrz8j3QU7bu5e5bKYSz9qxG7SJA/7Rx1Vr9eqhmA4qPMt/vT0Q== Completed in 276ms
330 timing metavuln:calculate:security-advisory:undici:1091088 Completed in 4202ms
331 timing metavuln:cache:put:security-advisory:undici:5RaRKXa8wbNT7abUSDeFtJWPYhGDHfrHjUHsGZOCLBKrpD6EXVJo11UvW/Q6CrfZQpJF/Xh4XjOr5mTMFU56/w== Completed in 217ms
332 timing metavuln:calculate:security-advisory:undici:1090404 Completed in 4202ms
333 timing metavuln:cache:get:security-advisory:@discordjs/rest:nXscZOimYZL6DbAU59Iex0SHPHIhvBoHNRFu+iEEhDCohhJyopFEockx8bCUumNvy08a+wZa05IKer1orzAwTA== Completed in 6ms
334 http fetch GET 200 https://registry.npmjs.org/@discordjs/rest/-/rest-0.5.0.tgz 4829ms (cache miss)
335 timing reifyNode:node_modules/@discordjs/rest Completed in 5080ms
336 http fetch GET 200 https://registry.npmjs.org/@discordjs/builders/-/builders-0.15.0.tgz 4868ms (cache miss)
337 timing reifyNode:node_modules/@discordjs/builders Completed in 5111ms
338 http fetch GET 200 https://registry.npmjs.org/npm 5415ms (cache miss)
339 http fetch GET 200 https://registry.npmjs.org/@sapphire/shapeshift/-/shapeshift-3.8.2.tgz 5025ms (cache miss)
340 timing reifyNode:node_modules/@sapphire/shapeshift Completed in 5252ms
341 http fetch GET 200 https://registry.npmjs.org/undici/-/undici-5.5.1.tgz 7265ms (cache miss)
342 timing reifyNode:node_modules/undici Completed in 7368ms
343 http fetch GET 200 https://registry.npmjs.org/@discordjs%2frest 2625ms (cache miss)
344 timing metavuln:packument:@discordjs/rest Completed in 2651ms
345 timing metavuln:load:security-advisory:@discordjs/rest:6e7cFU61J3vcZ0AEZ3MKn/P4wYtfbBt99Jae7Tgz2zSC01xTNejtnEdVYDY1bBVA+he6W4odYIiVYvnyz7EiTA== Completed in 146ms
346 timing metavuln:cache:put:security-advisory:@discordjs/rest:nXscZOimYZL6DbAU59Iex0SHPHIhvBoHNRFu+iEEhDCohhJyopFEockx8bCUumNvy08a+wZa05IKer1orzAwTA== Completed in 47ms
347 timing metavuln:calculate:security-advisory:@discordjs/rest:6e7cFU61J3vcZ0AEZ3MKn/P4wYtfbBt99Jae7Tgz2zSC01xTNejtnEdVYDY1bBVA+he6W4odYIiVYvnyz7EiTA== Completed in 2846ms
348 timing auditReport:init Completed in 7053ms
349 timing reify:audit Completed in 7850ms
350 http fetch GET 200 https://registry.npmjs.org/@types/node/-/node-18.16.0.tgz 7845ms (cache miss)
351 timing reifyNode:node_modules/@types/node Completed in 8070ms
352 http fetch GET 200 https://registry.npmjs.org/discord.js/-/discord.js-13.15.1.tgz 8068ms (cache miss)
353 timing reifyNode:node_modules/discord.js Completed in 8253ms
354 http fetch GET 200 https://registry.npmjs.org/lodash/-/lodash-4.17.21.tgz 9320ms (cache miss)
355 timing reifyNode:node_modules/lodash Completed in 9471ms
356 http fetch GET 200 https://registry.npmjs.org/discord-api-types/-/discord-api-types-0.33.5.tgz 9272ms (cache miss)
357 timing reifyNode:node_modules/@discordjs/rest/node_modules/discord-api-types Completed in 9531ms
358 http fetch GET 200 https://registry.npmjs.org/discord-api-types/-/discord-api-types-0.33.5.tgz 9275ms (cache miss)
359 http fetch GET 200 https://registry.npmjs.org/discord-api-types/-/discord-api-types-0.33.5.tgz 9284ms (cache miss)
360 timing reifyNode:node_modules/@discordjs/builders/node_modules/discord-api-types Completed in 9532ms
361 timing reifyNode:node_modules/discord.js/node_modules/discord-api-types Completed in 9537ms
362 http fetch GET 200 https://registry.npmjs.org/discord-api-types/-/discord-api-types-0.36.3.tgz 9291ms (cache miss)
363 timing reifyNode:node_modules/discord.js/node_modules/@discordjs/builders/node_modules/discord-api-types Completed in 9541ms
364 http fetch GET 200 https://registry.npmjs.org/discord-api-types/-/discord-api-types-0.35.0.tgz 9355ms (cache miss)
365 timing reifyNode:node_modules/discord-api-types Completed in 9542ms
366 timing reify:unpack Completed in 9552ms
367 timing reify:unretire Completed in 0ms
368 timing build:queue Completed in 6ms
369 timing build:link:node_modules/mime Completed in 4ms
370 timing build:link Completed in 4ms
371 timing build:deps Completed in 10ms
372 timing build Completed in 11ms
373 timing reify:build Completed in 12ms
374 timing reify:trash Completed in 0ms
375 timing reify:save Completed in 53ms
376 timing reify Completed in 9939ms
377 silly ADD node_modules/ws
378 silly ADD node_modules/whatwg-url
379 silly ADD node_modules/webidl-conversions
380 silly ADD node_modules/vary
381 silly ADD node_modules/utils-merge
382 silly ADD node_modules/unpipe
383 silly ADD node_modules/undici
384 silly ADD node_modules/type-is
385 silly ADD node_modules/tslib
386 silly ADD node_modules/ts-mixer
387 silly ADD node_modules/tr46
388 silly ADD node_modules/toidentifier
389 silly ADD node_modules/statuses
390 silly ADD node_modules/side-channel
391 silly ADD node_modules/setprototypeof
392 silly ADD node_modules/serve-static
393 silly ADD node_modules/send
394 silly ADD node_modules/safer-buffer
395 silly ADD node_modules/safe-buffer
396 silly ADD node_modules/raw-body
397 silly ADD node_modules/range-parser
398 silly ADD node_modules/qs
399 silly ADD node_modules/proxy-addr
400 silly ADD node_modules/path-to-regexp
401 silly ADD node_modules/parseurl
402 silly ADD node_modules/on-finished
403 silly ADD node_modules/object-inspect
404 silly ADD node_modules/node-fetch
405 silly ADD node_modules/negotiator
406 silly ADD node_modules/ms
407 silly ADD node_modules/mime-types
408 silly ADD node_modules/mime-db
409 silly ADD node_modules/mime
410 silly ADD node_modules/methods
411 silly ADD node_modules/merge-descriptors
412 silly ADD node_modules/media-typer
413 silly ADD node_modules/lodash
414 silly ADD node_modules/ipaddr.js
415 silly ADD node_modules/inherits
416 silly ADD node_modules/iconv-lite
417 silly ADD node_modules/http-errors
418 silly ADD node_modules/has-symbols
419 silly ADD node_modules/has
420 silly ADD node_modules/get-intrinsic
421 silly ADD node_modules/function-bind
422 silly ADD node_modules/fs
423 silly ADD node_modules/fresh
424 silly ADD node_modules/forwarded
425 silly ADD node_modules/form-data
426 silly ADD node_modules/finalhandler
427 silly ADD node_modules/fast-deep-equal
428 silly ADD node_modules/express
429 silly ADD node_modules/etag
430 silly ADD node_modules/escape-html
431 silly ADD node_modules/encodeurl
432 silly ADD node_modules/ee-first
433 silly ADD node_modules/discord.js
434 silly ADD node_modules/discord.js/node_modules/discord-api-types
435 silly ADD node_modules/discord.js/node_modules/@discordjs/builders
436 silly ADD node_modules/discord.js/node_modules/@discordjs/builders/node_modules/discord-api-types
437 silly ADD node_modules/discord-api-types
438 silly ADD node_modules/destroy
439 silly ADD node_modules/depd
440 silly ADD node_modules/delayed-stream
441 silly ADD node_modules/debug
442 silly ADD node_modules/debug/node_modules/ms
443 silly ADD node_modules/cookie-signature
444 silly ADD node_modules/cookie
445 silly ADD node_modules/content-type
446 silly ADD node_modules/content-disposition
447 silly ADD node_modules/combined-stream
448 silly ADD node_modules/call-bind
449 silly ADD node_modules/bytes
450 silly ADD node_modules/body-parser
451 silly ADD node_modules/asynckit
452 silly ADD node_modules/ascii-table
453 silly ADD node_modules/array-flatten
454 silly ADD node_modules/accepts
455 silly ADD node_modules/@types/ws
456 silly ADD node_modules/@types/node-fetch
457 silly ADD node_modules/@types/node-fetch/node_modules/form-data
458 silly ADD node_modules/@types/node
459 silly ADD node_modules/@sindresorhus/is
460 silly ADD node_modules/@sapphire/snowflake
461 silly ADD node_modules/@sapphire/shapeshift
462 silly ADD node_modules/@sapphire/async-queue
463 silly ADD node_modules/@discordjs/rest
464 silly ADD node_modules/@discordjs/rest/node_modules/discord-api-types
465 silly ADD node_modules/@discordjs/collection
466 silly ADD node_modules/@discordjs/builders
467 silly ADD node_modules/@discordjs/builders/node_modules/discord-api-types
468 timing command:install Completed in 9978ms
469 notice
469 notice New [31mmajor[39m version of npm available! [31m9.8.1[39m -> [32m10.4.0[39m
469 notice Changelog: [36mhttps://github.com/npm/cli/releases/tag/v10.4.0[39m
469 notice Run [32mnpm install -g npm@10.4.0[39m to update!
469 notice
470 verbose exit 0
471 timing npm Completed in 10364ms
472 info ok
