0 verbose cli /usr/local/bin/node /usr/local/bin/npm
1 info using npm@9.8.1
2 info using node@v18.19.1
3 timing npm:load:whichnode Completed in 4ms
4 timing config:load:defaults Completed in 199ms
5 timing config:load:file:/usr/local/lib/node_modules/npm/npmrc Completed in 1ms
6 timing config:load:builtin Completed in 93ms
7 timing config:load:cli Completed in 4ms
8 timing config:load:env Completed in 0ms
9 timing config:load:project Completed in 2ms
10 timing config:load:file:/home/container/.npmrc Completed in 0ms
11 timing config:load:user Completed in 1ms
12 timing config:load:file:/usr/local/etc/npmrc Completed in 0ms
13 timing config:load:global Completed in 0ms
14 timing config:load:setEnvs Completed in 1ms
15 timing config:load Completed in 303ms
16 timing npm:load:configload Completed in 304ms
17 timing config:load:flatten Completed in 85ms
18 timing npm:load:mkdirpcache Completed in 0ms
19 timing npm:load:mkdirplogs Completed in 1ms
20 verbose title npm install discord
21 verbose argv "install" "discord"
22 timing npm:load:setTitle Completed in 2ms
23 timing npm:load:display Completed in 1ms
24 verbose logfile logs-max:10 dir:/home/container/.npm/_logs/2024-02-23T10_49_14_860Z-
25 verbose logfile /home/container/.npm/_logs/2024-02-23T10_49_14_860Z-debug-0.log
26 timing npm:load:logFile Completed in 102ms
27 timing npm:load:timers Completed in 0ms
28 timing npm:load:configScope Completed in 0ms
29 timing npm:load Completed in 610ms
30 timing arborist:ctor Completed in 2ms
31 silly logfile done cleaning log files
32 timing idealTree:init Completed in 1412ms
33 timing idealTree:userRequests Completed in 2ms
34 silly idealTree buildDeps
35 silly fetch manifest discord@^0.8.2
36 timing arborist:ctor Completed in 0ms
37 http fetch GET 200 https://registry.npmjs.org/discord 604ms (cache hit)
38 silly placeDep ROOT discord@0.8.2 REPLACE for: whitehall@1.0.0 want: ^0.8.2
39 timing idealTree:#root Completed in 702ms
40 timing idealTree:node_modules/discord Completed in 80ms
41 timing idealTree:buildDeps Completed in 785ms
42 timing idealTree:fixDepFlags Completed in 4ms
43 timing idealTree Completed in 2210ms
44 timing reify:loadTrees Completed in 2293ms
45 timing reify:diffTrees Completed in 8ms
46 silly reify moves {}
47 timing reify:retireShallow Completed in 2ms
48 timing reify:createSparse Completed in 0ms
49 timing reify:loadBundles Completed in 0ms
50 silly audit bulk request {
50 silly audit   '@discordjs/builders': [ '0.15.0', '0.16.0' ],
50 silly audit   'discord-api-types': [ '0.33.5', '0.35.0', '0.36.3' ],
50 silly audit   '@discordjs/collection': [ '0.7.0' ],
50 silly audit   '@discordjs/rest': [ '0.5.0' ],
50 silly audit   '@isaacs/cliui': [ '8.0.2' ],
50 silly audit   '@pkgjs/parseargs': [ '0.11.0' ],
50 silly audit   '@sapphire/async-queue': [ '1.5.0' ],
50 silly audit   '@sapphire/shapeshift': [ '3.8.2' ],
50 silly audit   '@sapphire/snowflake': [ '3.2.2' ],
50 silly audit   '@sindresorhus/is': [ '4.6.0' ],
50 silly audit   '@types/node': [ '18.16.0' ],
50 silly audit   '@types/node-fetch': [ '2.6.3' ],
50 silly audit   'form-data': [ '3.0.1', '4.0.0' ],
50 silly audit   '@types/ws': [ '8.5.4' ],
50 silly audit   accepts: [ '1.3.8' ],
50 silly audit   'ansi-regex': [ '6.0.1', '5.0.1' ],
50 silly audit   'ansi-styles': [ '6.2.1', '4.3.0' ],
50 silly audit   'array-flatten': [ '1.1.1' ],
50 silly audit   'ascii-table': [ '0.0.9' ],
50 silly audit   asynckit: [ '0.4.0' ],
50 silly audit   'balanced-match': [ '1.0.2' ],
50 silly audit   'body-parser': [ '1.20.0' ],
50 silly audit   'brace-expansion': [ '2.0.1' ],
50 silly audit   bytes: [ '3.1.2' ],
50 silly audit   'call-bind': [ '1.0.2' ],
50 silly audit   'color-convert': [ '2.0.1' ],
50 silly audit   'color-name': [ '1.1.4' ],
50 silly audit   'combined-stream': [ '1.0.8' ],
50 silly audit   'content-disposition': [ '0.5.4' ],
50 silly audit   'content-type': [ '1.0.4' ],
50 silly audit   cookie: [ '0.5.0' ],
50 silly audit   'cookie-signature': [ '1.0.6' ],
50 silly audit   'cross-spawn': [ '7.0.3' ],
50 silly audit   debug: [ '2.6.9' ],
50 silly audit   ms: [ '2.0.0', '2.1.3' ],
50 silly audit   'delayed-stream': [ '1.0.0' ],
50 silly audit   depd: [ '2.0.0' ],
50 silly audit   describe: [ '1.2.0' ],
50 silly audit   destroy: [ '1.2.0' ],
50 silly audit   'discord.js': [ '13.15.1' ],
50 silly audit   eastasianwidth: [ '0.2.0' ],
50 silly audit   'ee-first': [ '1.1.1' ],
50 silly audit   'emoji-regex': [ '9.2.2', '8.0.0' ],
50 silly audit   encodeurl: [ '1.0.2' ],
50 silly audit   'escape-html': [ '1.0.3' ],
50 silly audit   etag: [ '1.8.1' ],
50 silly audit   express: [ '4.18.1' ],
50 silly audit   'fast-deep-equal': [ '3.1.3' ],
50 silly audit   finalhandler: [ '1.2.0' ],
50 silly audit   'foreground-child': [ '3.1.1' ],
50 silly audit   forwarded: [ '0.2.0' ],
50 silly audit   fresh: [ '0.5.2' ],
50 silly audit   fs: [ '0.0.1-security' ],
50 silly audit   'function-bind': [ '1.1.1' ],
50 silly audit   'get-intrinsic': [ '1.1.2' ],
50 silly audit   glob: [ '10.3.10' ],
50 silly audit   has: [ '1.0.3' ],
50 silly audit   'has-symbols': [ '1.0.3' ],
50 silly audit   'http-errors': [ '2.0.0' ],
50 silly audit   'iconv-lite': [ '0.4.24' ],
50 silly audit   inherits: [ '2.0.4' ],
50 silly audit   'ipaddr.js': [ '1.9.1' ],
50 silly audit   'is-fullwidth-code-point': [ '3.0.0' ],
50 silly audit   isexe: [ '2.0.0' ],
50 silly audit   jackspeak: [ '2.3.6' ],
50 silly audit   lodash: [ '4.17.21' ],
50 silly audit   'lru-cache': [ '10.2.0' ],
50 silly audit   'media-typer': [ '0.3.0' ],
50 silly audit   'merge-descriptors': [ '1.0.1' ],
50 silly audit   methods: [ '1.1.2' ],
50 silly audit   mime: [ '1.6.0' ],
50 silly audit   'mime-db': [ '1.52.0' ],
50 silly audit   'mime-types': [ '2.1.35' ],
50 silly audit   minimatch: [ '9.0.3' ],
50 silly audit   minipass: [ '7.0.4' ],
50 silly audit   mootools: [ '1.5.2' ],
50 silly audit   negotiator: [ '0.6.3' ],
50 silly audit   'node-fetch': [ '2.6.7' ],
50 silly audit   'object-inspect': [ '1.12.2' ],
50 silly audit   'on-finished': [ '2.4.1' ],
50 silly audit   parseurl: [ '1.3.3' ],
50 silly audit   'path-key': [ '3.1.1' ],
50 silly audit   'path-scurry': [ '1.10.1' ],
50 silly audit   'path-to-regexp': [ '0.1.7' ],
50 silly audit   'proxy-addr': [ '2.0.7' ],
50 silly audit   qs: [ '6.10.3' ],
50 silly audit   'range-parser': [ '1.2.1' ],
50 silly audit   'raw-body': [ '2.5.1' ],
50 silly audit   'safe-buffer': [ '5.2.1' ],
50 silly audit   'safer-buffer': [ '2.1.2' ],
50 silly audit   send: [ '0.18.0' ],
50 silly audit   'serve-static': [ '1.15.0' ],
50 silly audit   setprototypeof: [ '1.2.0' ],
50 silly audit   'shebang-command': [ '2.0.0' ],
50 silly audit   'shebang-regex': [ '3.0.0' ],
50 silly audit   'side-channel': [ '1.0.4' ],
50 silly audit   'signal-exit': [ '4.1.0' ],
50 silly audit   statuses: [ '2.0.1' ],
50 silly audit   'string-color': [ '0.8.0' ],
50 silly audit   'string-width': [ '5.1.2', '4.2.3' ],
50 silly audit   'strip-ansi': [ '6.0.1', '7.1.0' ],
50 silly audit   toidentifier: [ '1.0.1' ],
50 silly audit   tr46: [ '0.0.3' ],
50 silly audit   'ts-mixer': [ '6.0.1' ],
50 silly audit   tslib: [ '2.4.0' ],
50 silly audit   'type-is': [ '1.6.18' ],
50 silly audit   undici: [ '5.5.1' ],
50 silly audit   unpipe: [ '1.0.0' ],
50 silly audit   'utils-merge': [ '1.0.1' ],
50 silly audit   vary: [ '1.1.2' ],
50 silly audit   'webidl-conversions': [ '3.0.1' ],
50 silly audit   'whatwg-url': [ '5.0.0' ],
50 silly audit   which: [ '2.0.2' ],
50 silly audit   'wrap-ansi': [ '8.1.0', '7.0.0' ],
50 silly audit   ws: [ '8.13.0' ],
50 silly audit   discord: [ '0.8.2' ]
50 silly audit }
51 timing reify:unpack Completed in 83ms
52 timing reify:unretire Completed in 0ms
53 timing build:queue Completed in 0ms
54 timing build:deps Completed in 1ms
55 timing build Completed in 1ms
56 timing reify:build Completed in 2ms
57 timing reify:trash Completed in 0ms
58 timing reify:save Completed in 598ms
59 http fetch POST 200 https://registry.npmjs.org/-/npm/v1/security/advisories/bulk 1688ms
60 timing auditReport:getReport Completed in 1698ms
61 silly audit report {
61 silly audit report   mootools: [
61 silly audit report     {
61 silly audit report       id: 1089674,
61 silly audit report       url: 'https://github.com/advisories/GHSA-x6hx-7gh3-3q98',
61 silly audit report       title: 'Prototype Pollution in mootools',
61 silly audit report       severity: 'moderate',
61 silly audit report       vulnerable_versions: '<=1.5.2',
61 silly audit report       cwe: [Array],
61 silly audit report       cvss: [Object]
61 silly audit report     }
61 silly audit report   ],
61 silly audit report   undici: [
61 silly audit report     {
61 silly audit report       id: 1089266,
61 silly audit report       url: 'https://github.com/advisories/GHSA-q768-x9m6-m9qp',
61 silly audit report       title: 'undici before v5.8.0 vulnerable to uncleared cookies on cross-host / cross-origin redirect',
61 silly audit report       severity: 'low',
61 silly audit report       vulnerable_versions: '<5.8.0',
61 silly audit report       cwe: [Array],
61 silly audit report       cvss: [Object]
61 silly audit report     },
61 silly audit report     {
61 silly audit report       id: 1091088,
61 silly audit report       url: 'https://github.com/advisories/GHSA-r6ch-mqf9-qc9w',
61 silly audit report       title: 'Regular Expression Denial of Service in Headers',
61 silly audit report       severity: 'high',
61 silly audit report       vulnerable_versions: '<5.19.1',
61 silly audit report       cwe: [Array],
61 silly audit report       cvss: [Object]
61 silly audit report     },
61 silly audit report     {
61 silly audit report       id: 1091151,
61 silly audit report       url: 'https://github.com/advisories/GHSA-5r9g-qh6m-jxff',
61 silly audit report       title: 'CRLF Injection in Nodejs ‘undici’ via host',
61 silly audit report       severity: 'moderate',
61 silly audit report       vulnerable_versions: '>=2.0.0 <5.19.1',
61 silly audit report       cwe: [Array],
61 silly audit report       cvss: [Object]
61 silly audit report     },
61 silly audit report     {
61 silly audit report       id: 1088895,
61 silly audit report       url: 'https://github.com/advisories/GHSA-3cvr-822r-rqcc',
61 silly audit report       title: 'undici before v5.8.0 vulnerable to CRLF injection in request headers',
61 silly audit report       severity: 'moderate',
61 silly audit report       vulnerable_versions: '<5.8.0',
61 silly audit report       cwe: [Array],
61 silly audit report       cvss: [Object]
61 silly audit report     },
61 silly audit report     {
61 silly audit report       id: 1090404,
61 silly audit report       url: 'https://github.com/advisories/GHSA-f772-66g8-q5h3',
61 silly audit report       title: 'Nodejs ‘undici’ vulnerable to CRLF Injection via Content-Type',
61 silly audit report       severity: 'moderate',
61 silly audit report       vulnerable_versions: '<=5.8.1',
61 silly audit report       cwe: [Array],
61 silly audit report       cvss: [Object]
61 silly audit report     },
61 silly audit report     {
61 silly audit report       id: 1090405,
61 silly audit report       url: 'https://github.com/advisories/GHSA-8qr4-xgw6-wmr3',
61 silly audit report       title: '`undici.request` vulnerable to SSRF using absolute URL on `pathname`',
61 silly audit report       severity: 'moderate',
61 silly audit report       vulnerable_versions: '<=5.8.1',
61 silly audit report       cwe: [Array],
61 silly audit report       cvss: [Object]
61 silly audit report     },
61 silly audit report     {
61 silly audit report       id: 1096502,
61 silly audit report       url: 'https://github.com/advisories/GHSA-wqq4-5wpv-mx2g',
61 silly audit report       title: "Undici's cookie header not cleared on cross-origin redirect in fetch",
61 silly audit report       severity: 'low',
61 silly audit report       vulnerable_versions: '<5.26.2',
61 silly audit report       cwe: [Array],
61 silly audit report       cvss: [Object]
61 silly audit report     },
61 silly audit report     {
61 silly audit report       id: 1096521,
61 silly audit report       url: 'https://github.com/advisories/GHSA-3787-6prv-h9w3',
61 silly audit report       title: 'Undici proxy-authorization header not cleared on cross-origin redirect in fetch',
61 silly audit report       severity: 'low',
61 silly audit report       vulnerable_versions: '<=5.28.2',
61 silly audit report       cwe: [],
61 silly audit report       cvss: [Object]
61 silly audit report     }
61 silly audit report   ]
61 silly audit report }
62 timing metavuln:cache:get:security-advisory:mootools:CkO22zAgn/buaZMLGRgYXPBAi3IgL1MQemmtbADgaqyZPS02soWnPmbtaS1nvjC/P9zmDy3zg8H9wD2q4NndhQ== Completed in 98ms
63 timing metavuln:cache:get:security-advisory:undici:baMmQIWZBa6WnO8P3a71muKjtzGPttvtCQzYBrz8j3QU7bu5e5bKYSz9qxG7SJA/7Rx1Vr9eqhmA4qPMt/vT0Q== Completed in 97ms
64 timing metavuln:cache:get:security-advisory:undici:nQObUsuTAJw3uIE2fDBnnvZ/K+sGYoQceZrAoY2KQ7iHjP+DKZ89jIOBQ7el1efh19OJOpXHaTafU32tKOzZ9Q== Completed in 97ms
65 timing metavuln:cache:get:security-advisory:undici:5RaRKXa8wbNT7abUSDeFtJWPYhGDHfrHjUHsGZOCLBKrpD6EXVJo11UvW/Q6CrfZQpJF/Xh4XjOr5mTMFU56/w== Completed in 97ms
66 timing metavuln:cache:get:security-advisory:undici:wcjhf5XlNdHP01akSpNigC7F7/egyUIM5dVILKJ4xqknxhJAnaFlt3v8jImdiiGDtukwBaKPuxhZvH3vt/cf+Q== Completed in 97ms
67 timing metavuln:cache:get:security-advisory:undici:6e7cFU61J3vcZ0AEZ3MKn/P4wYtfbBt99Jae7Tgz2zSC01xTNejtnEdVYDY1bBVA+he6W4odYIiVYvnyz7EiTA== Completed in 99ms
68 timing metavuln:cache:get:security-advisory:undici:z7SzVkyP03FSFTXmIFv9JObknaIxI7LBNAYs5+FmmU/WakpW7D0O6r6WxD5t61TbVAheQxpL9KX6DBLrpFj8Zg== Completed in 97ms
69 timing metavuln:cache:get:security-advisory:undici:Er/7j70BfFtpcsrVHIsnewevKrEpQ7MCMbX+1JxaH4yiXhr7WieOcGLCRnLyyF4iRoBENZRW5x3FcmOzGciqbg== Completed in 97ms
70 timing metavuln:cache:get:security-advisory:undici:CQme3UXqbSc+6MbXKNOaEvMU/3z0huPXd+qWmB7TiOHJlEvs8VRjRggkmUpdwhQLuZrmY0ySr/ibkfKpCwXWfg== Completed in 98ms
71 http fetch GET 200 https://registry.npmjs.org/mootools 109ms (cache hit)
72 timing metavuln:packument:mootools Completed in 110ms
73 timing metavuln:load:security-advisory:mootools:1089674 Completed in 1ms
74 timing metavuln:calculate:security-advisory:mootools:1089674 Completed in 113ms
75 http fetch GET 200 https://registry.npmjs.org/undici 201ms (cache revalidated)
76 timing metavuln:packument:undici Completed in 207ms
77 timing metavuln:load:security-advisory:undici:1089266 Completed in 3ms
78 timing metavuln:calculate:security-advisory:undici:1089266 Completed in 211ms
79 timing metavuln:load:security-advisory:undici:1091088 Completed in 84ms
80 timing metavuln:calculate:security-advisory:undici:1091088 Completed in 294ms
81 timing metavuln:load:security-advisory:undici:1091151 Completed in 4ms
82 timing metavuln:calculate:security-advisory:undici:1091151 Completed in 298ms
83 timing metavuln:load:security-advisory:undici:1088895 Completed in 4ms
84 timing metavuln:calculate:security-advisory:undici:1088895 Completed in 302ms
85 timing metavuln:load:security-advisory:undici:1090404 Completed in 93ms
86 timing metavuln:calculate:security-advisory:undici:1090404 Completed in 394ms
87 timing metavuln:load:security-advisory:undici:1090405 Completed in 5ms
88 timing metavuln:calculate:security-advisory:undici:1090405 Completed in 399ms
89 timing metavuln:load:security-advisory:undici:1096502 Completed in 6594ms
90 timing metavuln:calculate:security-advisory:undici:1096502 Completed in 6993ms
91 timing metavuln:load:security-advisory:undici:1096521 Completed in 3ms
92 timing metavuln:calculate:security-advisory:undici:1096521 Completed in 6997ms
93 timing metavuln:packument:discord Completed in 0ms
94 timing metavuln:cache:get:security-advisory:discord:ayjbDcH5Oaz2bimgLdRFK4ovmIdGJAy7L4bBuDjAkkwlYwRPF4n35PJfuYDPPuV7tyJPEDVqqBH6IebqRHohHQ== Completed in 98ms
95 timing metavuln:load:security-advisory:discord:CkO22zAgn/buaZMLGRgYXPBAi3IgL1MQemmtbADgaqyZPS02soWnPmbtaS1nvjC/P9zmDy3zg8H9wD2q4NndhQ== Completed in 1ms
96 timing metavuln:calculate:security-advisory:discord:CkO22zAgn/buaZMLGRgYXPBAi3IgL1MQemmtbADgaqyZPS02soWnPmbtaS1nvjC/P9zmDy3zg8H9wD2q4NndhQ== Completed in 99ms
97 timing metavuln:cache:get:security-advisory:@discordjs/rest:nXscZOimYZL6DbAU59Iex0SHPHIhvBoHNRFu+iEEhDCohhJyopFEockx8bCUumNvy08a+wZa05IKer1orzAwTA== Completed in 4ms
98 http fetch GET 200 https://registry.npmjs.org/@discordjs%2frest 205ms (cache revalidated)
99 timing metavuln:packument:@discordjs/rest Completed in 393ms
100 timing metavuln:load:security-advisory:@discordjs/rest:6e7cFU61J3vcZ0AEZ3MKn/P4wYtfbBt99Jae7Tgz2zSC01xTNejtnEdVYDY1bBVA+he6W4odYIiVYvnyz7EiTA== Completed in 110ms
101 timing metavuln:calculate:security-advisory:@discordjs/rest:6e7cFU61J3vcZ0AEZ3MKn/P4wYtfbBt99Jae7Tgz2zSC01xTNejtnEdVYDY1bBVA+he6W4odYIiVYvnyz7EiTA== Completed in 505ms
102 timing auditReport:init Completed in 7699ms
103 timing reify:audit Completed in 9400ms
104 timing reify Completed in 11893ms
105 timing command:install Completed in 12096ms
106 verbose exit 0
107 timing npm Completed in 14690ms
108 info ok
